This is XeTeX, Version 3.141592653-2.6-0.999994 (TeX Live 2022) (preloaded format=xelatex 2022.10.18)  23 NOV 2022 15:23
entering extended mode
 restricted \write18 enabled.
 %&-line parsing enabled.
**108-8-2.tex
(./108-8-2.tex
LaTeX2e <2021-11-15> patch level 1
L3 programming layer <2022-02-24>
(/usr/local/texlive/2022/texmf-dist/tex/latex/exam/exam.cls
Document Class: exam 2021/02/26 Version 2.7 by Philip Hirschhorn
(/usr/local/texlive/2022/texmf-dist/tex/latex/base/ifthen.sty
Package: ifthen 2020/11/24 v1.1c Standard LaTeX ifthen package (DPC)
)
(/usr/local/texlive/2022/texmf-dist/tex/latex/base/article.cls
Document Class: article 2021/10/04 v1.4n Standard LaTeX document class
(/usr/local/texlive/2022/texmf-dist/tex/latex/base/size10.clo
File: size10.clo 2021/10/04 v1.4n Standard LaTeX file (size option)
)
\c@part=\count181
\c@section=\count182
\c@subsection=\count183
\c@subsubsection=\count184
\c@paragraph=\count185
\c@subparagraph=\count186
\c@figure=\count187
\c@table=\count188
\abovecaptionskip=\skip47
\belowcaptionskip=\skip48
\bibindent=\dimen138
)
\@extrawidth=\skip49
\@rightmargin=\skip50
\@extrahead=\skip51
\@extrafoot=\skip52
\run@exhd=\skip53
\fp@exhd=\skip54
\run@exft=\skip55
\fp@exft=\skip56
\covrun@exhd=\skip57
\covfp@exhd=\skip58
\covrun@exft=\skip59
\covfp@exft=\skip60
\c@num@coverpages=\count189
\c@latest@ques=\count190
\c@ques@end=\count191
\c@last@object=\count192
\c@incmp@ques=\count193
\c@next@ques=\count194
\c@next@page=\count195
\c@tmp@hlfcntr=\count196
\c@ifpos@cntr=\count197
\c@question=\count198
\c@partno=\count199
\c@subpart=\count266
\c@subsubpart=\count267
\c@choice=\count268
\c@numpoints=\count269
\c@numbonuspoints=\count270
\c@pointsof@thisquestion=\count271
\c@bonuspointsof@thisquestion=\count272
\c@numquestions=\count273
\c@numparts=\count274
\c@numsubparts=\count275
\c@numsubsubparts=\count276
\c@Curr@Page=\count277
\c@@pagepoints=\count278
\c@@pagebonuspoints=\count279
\c@pageof@pagepoints=\count280
\c@pageof@pagebonuspoints=\count281
\c@latest@points=\count282
\c@latest@bonuspoints=\count283
\pageinfo@commands=\toks16
\temp@toks=\toks17
\pagepoint@commands=\toks18
\point@toks=\toks19
\c@ques@object=\count284
\marginpointssep=\skip61
\rightpointsmargin=\skip62
\choice@toks=\toks20
\answerlinelength=\skip63
\answerskip=\skip64
\answerclearance=\skip65
\fillinlinelength=\skip66
\linefillheight=\skip67
\linefillthickness=\skip68
\dottedlinefillheight=\skip69
\gridsize=\skip70
\gridlinewidth=\skip71
\minboxheight=\skip72
\c@@iterator=\count285
\@cellwidth=\skip73
\c@tbl@points=\count286
\c@tbl@bonuspoints=\count287
\c@pq@index=\count288
\c@pq@index@pts=\count289
\c@pq@index@bpts=\count290
\c@num@cols=\count291
\c@num@rows=\count292
\c@current@row=\count293
\c@cols@done=\count294
\exam@box=\box50
\saved@totalleftmargin=\dimen139
\@sollistdepth=\count295
\exam@FrameRule=\dimen140
\exam@FrameSep=\dimen141
)
(/usr/local/texlive/2022/texmf-dist/tex/latex/amsmath/amsmath.sty
Package: amsmath 2021/10/15 v2.17l AMS math features
\@mathmargin=\skip74

For additional information on amsmath, use the `?' option.
(/usr/local/texlive/2022/texmf-dist/tex/latex/amsmath/amstext.sty
Package: amstext 2021/08/26 v2.01 AMS text

(/usr/local/texlive/2022/texmf-dist/tex/latex/amsmath/amsgen.sty
File: amsgen.sty 1999/11/30 v2.0 generic functions
\@emptytoks=\toks21
\ex@=\dimen142
))
(/usr/local/texlive/2022/texmf-dist/tex/latex/amsmath/amsbsy.sty
Package: amsbsy 1999/11/29 v1.2d Bold Symbols
\pmbraise@=\dimen143
)
(/usr/local/texlive/2022/texmf-dist/tex/latex/amsmath/amsopn.sty
Package: amsopn 2021/08/26 v2.02 operator names
)
\inf@bad=\count296
LaTeX Info: Redefining \frac on input line 234.
\uproot@=\count297
\leftroot@=\count298
LaTeX Info: Redefining \overline on input line 399.
\classnum@=\count299
\DOTSCASE@=\count300
LaTeX Info: Redefining \ldots on input line 496.
LaTeX Info: Redefining \dots on input line 499.
LaTeX Info: Redefining \cdots on input line 620.
\Mathstrutbox@=\box51
\strutbox@=\box52
\big@size=\dimen144
LaTeX Font Info:    Redeclaring font encoding OML on input line 743.
LaTeX Font Info:    Redeclaring font encoding OMS on input line 744.
\macc@depth=\count301
\c@MaxMatrixCols=\count302
\dotsspace@=\muskip16
\c@parentequation=\count303
\dspbrk@lvl=\count304
\tag@help=\toks22
\row@=\count305
\column@=\count306
\maxfields@=\count307
\andhelp@=\toks23
\eqnshift@=\dimen145
\alignsep@=\dimen146
\tagshift@=\dimen147
\tagwidth@=\dimen148
\totwidth@=\dimen149
\lineht@=\dimen150
\@envbody=\toks24
\multlinegap=\skip75
\multlinetaggap=\skip76
\mathdisplay@stack=\toks25
LaTeX Info: Redefining \[ on input line 2938.
LaTeX Info: Redefining \] on input line 2939.
)
(/usr/local/texlive/2022/texmf-dist/tex/latex/amsfonts/amssymb.sty
Package: amssymb 2013/01/14 v3.01 AMS font symbols

(/usr/local/texlive/2022/texmf-dist/tex/latex/amsfonts/amsfonts.sty
Package: amsfonts 2013/01/14 v3.01 Basic AMSFonts support
\symAMSa=\mathgroup4
\symAMSb=\mathgroup5
LaTeX Font Info:    Redeclaring math symbol \hbar on input line 98.
LaTeX Font Info:    Overwriting math alphabet `\mathfrak' in version `bold'
(Font)                  U/euf/m/n --> U/euf/b/n on input line 106.
))
(/usr/local/texlive/2022/texmf-dist/tex/latex/amscls/amsthm.sty
Package: amsthm 2020/05/29 v2.20.6
\thm@style=\toks26
\thm@bodyfont=\toks27
\thm@headfont=\toks28
\thm@notefont=\toks29
\thm@headpunct=\toks30
\thm@preskip=\skip77
\thm@postskip=\skip78
\thm@headsep=\skip79
\dth@everypar=\toks31
)
(/usr/local/texlive/2022/texmf-dist/tex/latex/jknapltx/mathrsfs.sty
Package: mathrsfs 1996/01/01 Math RSFS package v1.0 (jk)
\symrsfs=\mathgroup6
)
(/usr/local/texlive/2022/texmf-dist/tex/latex/pgf/basiclayer/pgf.sty
(/usr/local/texlive/2022/texmf-dist/tex/latex/pgf/utilities/pgfrcs.sty
(/usr/local/texlive/2022/texmf-dist/tex/generic/pgf/utilities/pgfutil-common.te
x
\pgfutil@everybye=\toks32
\pgfutil@tempdima=\dimen151
\pgfutil@tempdimb=\dimen152

(/usr/local/texlive/2022/texmf-dist/tex/generic/pgf/utilities/pgfutil-common-li
sts.tex))
(/usr/local/texlive/2022/texmf-dist/tex/generic/pgf/utilities/pgfutil-latex.def
\pgfutil@abb=\box53
) (/usr/local/texlive/2022/texmf-dist/tex/generic/pgf/utilities/pgfrcs.code.tex
(/usr/local/texlive/2022/texmf-dist/tex/generic/pgf/pgf.revision.tex)
Package: pgfrcs 2021/05/15 v3.1.9a (3.1.9a)
))
Package: pgf 2021/05/15 v3.1.9a (3.1.9a)

(/usr/local/texlive/2022/texmf-dist/tex/latex/pgf/basiclayer/pgfcore.sty
(/usr/local/texlive/2022/texmf-dist/tex/latex/graphics/graphicx.sty
Package: graphicx 2021/09/16 v1.2d Enhanced LaTeX Graphics (DPC,SPQR)

(/usr/local/texlive/2022/texmf-dist/tex/latex/graphics/keyval.sty
Package: keyval 2014/10/28 v1.15 key=value parser (DPC)
\KV@toks@=\toks33
)
(/usr/local/texlive/2022/texmf-dist/tex/latex/graphics/graphics.sty
Package: graphics 2021/03/04 v1.4d Standard LaTeX Graphics (DPC,SPQR)

(/usr/local/texlive/2022/texmf-dist/tex/latex/graphics/trig.sty
Package: trig 2021/08/11 v1.11 sin cos tan (DPC)
)
(/usr/local/texlive/2022/texmf-dist/tex/latex/graphics-cfg/graphics.cfg
File: graphics.cfg 2016/06/04 v1.11 sample graphics configuration
)
Package graphics Info: Driver file: xetex.def on input line 107.

(/usr/local/texlive/2022/texmf-dist/tex/latex/graphics-def/xetex.def
File: xetex.def 2021/03/18 v5.0k Graphics/color driver for xetex
))
\Gin@req@height=\dimen153
\Gin@req@width=\dimen154
)
(/usr/local/texlive/2022/texmf-dist/tex/latex/pgf/systemlayer/pgfsys.sty
(/usr/local/texlive/2022/texmf-dist/tex/generic/pgf/systemlayer/pgfsys.code.tex
Package: pgfsys 2021/05/15 v3.1.9a (3.1.9a)
(/usr/local/texlive/2022/texmf-dist/tex/generic/pgf/utilities/pgfkeys.code.tex
\pgfkeys@pathtoks=\toks34
\pgfkeys@temptoks=\toks35

(/usr/local/texlive/2022/texmf-dist/tex/generic/pgf/utilities/pgfkeysfiltered.c
ode.tex
\pgfkeys@tmptoks=\toks36
))
\pgf@x=\dimen155
\pgf@y=\dimen156
\pgf@xa=\dimen157
\pgf@ya=\dimen158
\pgf@xb=\dimen159
\pgf@yb=\dimen160
\pgf@xc=\dimen161
\pgf@yc=\dimen162
\pgf@xd=\dimen163
\pgf@yd=\dimen164
\w@pgf@writea=\write3
\r@pgf@reada=\read2
\c@pgf@counta=\count308
\c@pgf@countb=\count309
\c@pgf@countc=\count310
\c@pgf@countd=\count311
\t@pgf@toka=\toks37
\t@pgf@tokb=\toks38
\t@pgf@tokc=\toks39
\pgf@sys@id@count=\count312

(/usr/local/texlive/2022/texmf-dist/tex/generic/pgf/systemlayer/pgf.cfg
File: pgf.cfg 2021/05/15 v3.1.9a (3.1.9a)
)
Driver file for pgf: pgfsys-xetex.def

(/usr/local/texlive/2022/texmf-dist/tex/generic/pgf/systemlayer/pgfsys-xetex.de
f
File: pgfsys-xetex.def 2021/05/15 v3.1.9a (3.1.9a)

(/usr/local/texlive/2022/texmf-dist/tex/generic/pgf/systemlayer/pgfsys-dvipdfmx
.def
File: pgfsys-dvipdfmx.def 2021/05/15 v3.1.9a (3.1.9a)

(/usr/local/texlive/2022/texmf-dist/tex/generic/pgf/systemlayer/pgfsys-common-p
df.def
File: pgfsys-common-pdf.def 2021/05/15 v3.1.9a (3.1.9a)
)
\pgfsys@objnum=\count313
)))
(/usr/local/texlive/2022/texmf-dist/tex/generic/pgf/systemlayer/pgfsyssoftpath.
code.tex
File: pgfsyssoftpath.code.tex 2021/05/15 v3.1.9a (3.1.9a)
\pgfsyssoftpath@smallbuffer@items=\count314
\pgfsyssoftpath@bigbuffer@items=\count315
)
(/usr/local/texlive/2022/texmf-dist/tex/generic/pgf/systemlayer/pgfsysprotocol.
code.tex
File: pgfsysprotocol.code.tex 2021/05/15 v3.1.9a (3.1.9a)
)) (/usr/local/texlive/2022/texmf-dist/tex/latex/xcolor/xcolor.sty
Package: xcolor 2021/10/31 v2.13 LaTeX color extensions (UK)

(/usr/local/texlive/2022/texmf-dist/tex/latex/graphics-cfg/color.cfg
File: color.cfg 2016/01/02 v1.6 sample color configuration
)
Package xcolor Info: Driver file: xetex.def on input line 227.
Package xcolor Info: Model `cmy' substituted by `cmy0' on input line 1352.
Package xcolor Info: Model `RGB' extended on input line 1368.
Package xcolor Info: Model `HTML' substituted by `rgb' on input line 1370.
Package xcolor Info: Model `Hsb' substituted by `hsb' on input line 1371.
Package xcolor Info: Model `tHsb' substituted by `hsb' on input line 1372.
Package xcolor Info: Model `HSB' substituted by `hsb' on input line 1373.
Package xcolor Info: Model `Gray' substituted by `gray' on input line 1374.
Package xcolor Info: Model `wave' substituted by `hsb' on input line 1375.
)
(/usr/local/texlive/2022/texmf-dist/tex/generic/pgf/basiclayer/pgfcore.code.tex
Package: pgfcore 2021/05/15 v3.1.9a (3.1.9a)
(/usr/local/texlive/2022/texmf-dist/tex/generic/pgf/math/pgfmath.code.tex
(/usr/local/texlive/2022/texmf-dist/tex/generic/pgf/math/pgfmathcalc.code.tex
(/usr/local/texlive/2022/texmf-dist/tex/generic/pgf/math/pgfmathutil.code.tex)
(/usr/local/texlive/2022/texmf-dist/tex/generic/pgf/math/pgfmathparser.code.tex
\pgfmath@dimen=\dimen165
\pgfmath@count=\count316
\pgfmath@box=\box54
\pgfmath@toks=\toks40
\pgfmath@stack@operand=\toks41
\pgfmath@stack@operation=\toks42
)
(/usr/local/texlive/2022/texmf-dist/tex/generic/pgf/math/pgfmathfunctions.code.
tex
(/usr/local/texlive/2022/texmf-dist/tex/generic/pgf/math/pgfmathfunctions.basic
.code.tex)
(/usr/local/texlive/2022/texmf-dist/tex/generic/pgf/math/pgfmathfunctions.trigo
nometric.code.tex)
(/usr/local/texlive/2022/texmf-dist/tex/generic/pgf/math/pgfmathfunctions.rando
m.code.tex)
(/usr/local/texlive/2022/texmf-dist/tex/generic/pgf/math/pgfmathfunctions.compa
rison.code.tex)
(/usr/local/texlive/2022/texmf-dist/tex/generic/pgf/math/pgfmathfunctions.base.
code.tex)
(/usr/local/texlive/2022/texmf-dist/tex/generic/pgf/math/pgfmathfunctions.round
.code.tex)
(/usr/local/texlive/2022/texmf-dist/tex/generic/pgf/math/pgfmathfunctions.misc.
code.tex)
(/usr/local/texlive/2022/texmf-dist/tex/generic/pgf/math/pgfmathfunctions.integ
erarithmetics.code.tex)))
(/usr/local/texlive/2022/texmf-dist/tex/generic/pgf/math/pgfmathfloat.code.tex
\c@pgfmathroundto@lastzeros=\count317
)) (/usr/local/texlive/2022/texmf-dist/tex/generic/pgf/math/pgfint.code.tex)
(/usr/local/texlive/2022/texmf-dist/tex/generic/pgf/basiclayer/pgfcorepoints.co
de.tex
File: pgfcorepoints.code.tex 2021/05/15 v3.1.9a (3.1.9a)
\pgf@picminx=\dimen166
\pgf@picmaxx=\dimen167
\pgf@picminy=\dimen168
\pgf@picmaxy=\dimen169
\pgf@pathminx=\dimen170
\pgf@pathmaxx=\dimen171
\pgf@pathminy=\dimen172
\pgf@pathmaxy=\dimen173
\pgf@xx=\dimen174
\pgf@xy=\dimen175
\pgf@yx=\dimen176
\pgf@yy=\dimen177
\pgf@zx=\dimen178
\pgf@zy=\dimen179
)
(/usr/local/texlive/2022/texmf-dist/tex/generic/pgf/basiclayer/pgfcorepathconst
ruct.code.tex
File: pgfcorepathconstruct.code.tex 2021/05/15 v3.1.9a (3.1.9a)
\pgf@path@lastx=\dimen180
\pgf@path@lasty=\dimen181
)
(/usr/local/texlive/2022/texmf-dist/tex/generic/pgf/basiclayer/pgfcorepathusage
.code.tex
File: pgfcorepathusage.code.tex 2021/05/15 v3.1.9a (3.1.9a)
\pgf@shorten@end@additional=\dimen182
\pgf@shorten@start@additional=\dimen183
)
(/usr/local/texlive/2022/texmf-dist/tex/generic/pgf/basiclayer/pgfcorescopes.co
de.tex
File: pgfcorescopes.code.tex 2021/05/15 v3.1.9a (3.1.9a)
\pgfpic=\box55
\pgf@hbox=\box56
\pgf@layerbox@main=\box57
\pgf@picture@serial@count=\count318
)
(/usr/local/texlive/2022/texmf-dist/tex/generic/pgf/basiclayer/pgfcoregraphicst
ate.code.tex
File: pgfcoregraphicstate.code.tex 2021/05/15 v3.1.9a (3.1.9a)
\pgflinewidth=\dimen184
)
(/usr/local/texlive/2022/texmf-dist/tex/generic/pgf/basiclayer/pgfcoretransform
ations.code.tex
File: pgfcoretransformations.code.tex 2021/05/15 v3.1.9a (3.1.9a)
\pgf@pt@x=\dimen185
\pgf@pt@y=\dimen186
\pgf@pt@temp=\dimen187
)
(/usr/local/texlive/2022/texmf-dist/tex/generic/pgf/basiclayer/pgfcorequick.cod
e.tex
File: pgfcorequick.code.tex 2021/05/15 v3.1.9a (3.1.9a)
)
(/usr/local/texlive/2022/texmf-dist/tex/generic/pgf/basiclayer/pgfcoreobjects.c
ode.tex
File: pgfcoreobjects.code.tex 2021/05/15 v3.1.9a (3.1.9a)
)
(/usr/local/texlive/2022/texmf-dist/tex/generic/pgf/basiclayer/pgfcorepathproce
ssing.code.tex
File: pgfcorepathprocessing.code.tex 2021/05/15 v3.1.9a (3.1.9a)
)
(/usr/local/texlive/2022/texmf-dist/tex/generic/pgf/basiclayer/pgfcorearrows.co
de.tex
File: pgfcorearrows.code.tex 2021/05/15 v3.1.9a (3.1.9a)
\pgfarrowsep=\dimen188
)
(/usr/local/texlive/2022/texmf-dist/tex/generic/pgf/basiclayer/pgfcoreshade.cod
e.tex
File: pgfcoreshade.code.tex 2021/05/15 v3.1.9a (3.1.9a)
\pgf@max=\dimen189
\pgf@sys@shading@range@num=\count319
\pgf@shadingcount=\count320
)
(/usr/local/texlive/2022/texmf-dist/tex/generic/pgf/basiclayer/pgfcoreimage.cod
e.tex
File: pgfcoreimage.code.tex 2021/05/15 v3.1.9a (3.1.9a)

(/usr/local/texlive/2022/texmf-dist/tex/generic/pgf/basiclayer/pgfcoreexternal.
code.tex
File: pgfcoreexternal.code.tex 2021/05/15 v3.1.9a (3.1.9a)
\pgfexternal@startupbox=\box58
))
(/usr/local/texlive/2022/texmf-dist/tex/generic/pgf/basiclayer/pgfcorelayers.co
de.tex
File: pgfcorelayers.code.tex 2021/05/15 v3.1.9a (3.1.9a)
)
(/usr/local/texlive/2022/texmf-dist/tex/generic/pgf/basiclayer/pgfcoretranspare
ncy.code.tex
File: pgfcoretransparency.code.tex 2021/05/15 v3.1.9a (3.1.9a)
)
(/usr/local/texlive/2022/texmf-dist/tex/generic/pgf/basiclayer/pgfcorepatterns.
code.tex
File: pgfcorepatterns.code.tex 2021/05/15 v3.1.9a (3.1.9a)
)
(/usr/local/texlive/2022/texmf-dist/tex/generic/pgf/basiclayer/pgfcorerdf.code.
tex
File: pgfcorerdf.code.tex 2021/05/15 v3.1.9a (3.1.9a)
)))
(/usr/local/texlive/2022/texmf-dist/tex/generic/pgf/modules/pgfmoduleshapes.cod
e.tex
File: pgfmoduleshapes.code.tex 2021/05/15 v3.1.9a (3.1.9a)
\pgfnodeparttextbox=\box59
)
(/usr/local/texlive/2022/texmf-dist/tex/generic/pgf/modules/pgfmoduleplot.code.
tex
File: pgfmoduleplot.code.tex 2021/05/15 v3.1.9a (3.1.9a)
)
(/usr/local/texlive/2022/texmf-dist/tex/latex/pgf/compatibility/pgfcomp-version
-0-65.sty
Package: pgfcomp-version-0-65 2021/05/15 v3.1.9a (3.1.9a)
\pgf@nodesepstart=\dimen190
\pgf@nodesepend=\dimen191
)
(/usr/local/texlive/2022/texmf-dist/tex/latex/pgf/compatibility/pgfcomp-version
-1-18.sty
Package: pgfcomp-version-1-18 2021/05/15 v3.1.9a (3.1.9a)
))
(/usr/local/texlive/2022/texmf-dist/tex/latex/pgf/frontendlayer/tikz.sty
(/usr/local/texlive/2022/texmf-dist/tex/latex/pgf/utilities/pgffor.sty
(/usr/local/texlive/2022/texmf-dist/tex/latex/pgf/utilities/pgfkeys.sty
(/usr/local/texlive/2022/texmf-dist/tex/generic/pgf/utilities/pgfkeys.code.tex)
) (/usr/local/texlive/2022/texmf-dist/tex/latex/pgf/math/pgfmath.sty
(/usr/local/texlive/2022/texmf-dist/tex/generic/pgf/math/pgfmath.code.tex))
(/usr/local/texlive/2022/texmf-dist/tex/generic/pgf/utilities/pgffor.code.tex
Package: pgffor 2021/05/15 v3.1.9a (3.1.9a)

(/usr/local/texlive/2022/texmf-dist/tex/generic/pgf/math/pgfmath.code.tex)
\pgffor@iter=\dimen192
\pgffor@skip=\dimen193
\pgffor@stack=\toks43
\pgffor@toks=\toks44
))
(/usr/local/texlive/2022/texmf-dist/tex/generic/pgf/frontendlayer/tikz/tikz.cod
e.tex
Package: tikz 2021/05/15 v3.1.9a (3.1.9a)

(/usr/local/texlive/2022/texmf-dist/tex/generic/pgf/libraries/pgflibraryplothan
dlers.code.tex
File: pgflibraryplothandlers.code.tex 2021/05/15 v3.1.9a (3.1.9a)
\pgf@plot@mark@count=\count321
\pgfplotmarksize=\dimen194
)
\tikz@lastx=\dimen195
\tikz@lasty=\dimen196
\tikz@lastxsaved=\dimen197
\tikz@lastysaved=\dimen198
\tikz@lastmovetox=\dimen199
\tikz@lastmovetoy=\dimen256
\tikzleveldistance=\dimen257
\tikzsiblingdistance=\dimen258
\tikz@figbox=\box60
\tikz@figbox@bg=\box61
\tikz@tempbox=\box62
\tikz@tempbox@bg=\box63
\tikztreelevel=\count322
\tikznumberofchildren=\count323
\tikznumberofcurrentchild=\count324
\tikz@fig@count=\count325

(/usr/local/texlive/2022/texmf-dist/tex/generic/pgf/modules/pgfmodulematrix.cod
e.tex
File: pgfmodulematrix.code.tex 2021/05/15 v3.1.9a (3.1.9a)
\pgfmatrixcurrentrow=\count326
\pgfmatrixcurrentcolumn=\count327
\pgf@matrix@numberofcolumns=\count328
)
\tikz@expandcount=\count329

(/usr/local/texlive/2022/texmf-dist/tex/generic/pgf/frontendlayer/tikz/librarie
s/tikzlibrarytopaths.code.tex
File: tikzlibrarytopaths.code.tex 2021/05/15 v3.1.9a (3.1.9a)
)))
(/usr/local/texlive/2022/texmf-dist/tex/generic/pgf/frontendlayer/tikz/librarie
s/tikzlibraryarrows.code.tex
File: tikzlibraryarrows.code.tex 2021/05/15 v3.1.9a (3.1.9a)

(/usr/local/texlive/2022/texmf-dist/tex/generic/pgf/libraries/pgflibraryarrows.
code.tex
File: pgflibraryarrows.code.tex 2021/05/15 v3.1.9a (3.1.9a)
\arrowsize=\dimen259
)) (/usr/local/texlive/2022/texmf-dist/tex/latex/float/float.sty
Package: float 2001/11/08 v1.3d Float enhancements (AL)
\c@float@type=\count330
\float@exts=\toks45
\float@box=\box64
\@float@everytoks=\toks46
\@floatcapt=\box65
)
(/usr/local/texlive/2022/texmf-dist/tex/latex/caption/caption.sty
Package: caption 2022/03/01 v3.6b Customizing captions (AR)

(/usr/local/texlive/2022/texmf-dist/tex/latex/caption/caption3.sty
Package: caption3 2022/03/17 v2.3b caption3 kernel (AR)
\caption@tempdima=\dimen260
\captionmargin=\dimen261
\caption@leftmargin=\dimen262
\caption@rightmargin=\dimen263
\caption@width=\dimen264
\caption@indent=\dimen265
\caption@parindent=\dimen266
\caption@hangindent=\dimen267
Package caption Info: Standard document class detected.
)
\c@caption@flags=\count331
\c@continuedfloat=\count332
Package caption Info: float package is loaded.
)
(/usr/local/texlive/2022/texmf-dist/tex/latex/subfigure/subfigure.sty
Package: subfigure 2002/03/15 v2.1.5 subfigure package
\subfigtopskip=\skip80
\subfigcapskip=\skip81
\subfigcaptopadj=\dimen268
\subfigbottomskip=\skip82
\subfigcapmargin=\dimen269
\subfiglabelskip=\skip83
\c@subfigure=\count333
\c@lofdepth=\count334
\c@subtable=\count335
\c@lotdepth=\count336

****************************************
* Local config file subfigure.cfg used *
****************************************
(/usr/local/texlive/2022/texmf-dist/tex/latex/subfigure/subfigure.cfg)
\subfig@top=\skip84
\subfig@bottom=\skip85
)
(/usr/local/texlive/2022/texmf-dist/tex/latex/colortbl/colortbl.sty
Package: colortbl 2020/01/04 v1.0e Color table columns (DPC)

(/usr/local/texlive/2022/texmf-dist/tex/latex/tools/array.sty
Package: array 2021/10/04 v2.5f Tabular extension package (FMi)
\col@sep=\dimen270
\ar@mcellbox=\box66
\extrarowheight=\dimen271
\NC@list=\toks47
\extratabsurround=\skip86
\backup@length=\skip87
\ar@cellbox=\box67
)
\everycr=\toks48
\minrowclearance=\skip88
)
(/usr/local/texlive/2022/texmf-dist/tex/latex/nopageno/nopageno.sty
Package: nopageno 1989/01/01 no page numbers (DPC)
)
(/usr/local/texlive/2022/texmf-dist/tex/latex/cases/cases.sty
Package: cases 2020/03/29 ver 3.2
\numc@numwid=\dimen272
)
(/usr/local/texlive/2022/texmf-dist/tex/latex/base/textcomp.sty
Package: textcomp 2020/02/02 v2.0n Standard LaTeX package
)
(/usr/local/texlive/2022/texmf-dist/tex/latex/wrapfig/wrapfig.sty
\wrapoverhang=\dimen273
\WF@size=\dimen274
\c@WF@wrappedlines=\count337
\WF@box=\box68
\WF@everypar=\toks49
Package: wrapfig 2003/01/31  v 3.6
)
(/usr/local/texlive/2022/texmf-dist/tex/latex/tcolorbox/tcolorbox.sty
Package: tcolorbox 2022/01/07 version 5.0.2 text color boxes

(/usr/local/texlive/2022/texmf-dist/tex/latex/tools/verbatim.sty
Package: verbatim 2020-07-07 v1.5u LaTeX2e package for verbatim enhancements
\every@verbatim=\toks50
\verbatim@line=\toks51
\verbatim@in@stream=\read3
)
(/usr/local/texlive/2022/texmf-dist/tex/latex/environ/environ.sty
Package: environ 2014/05/04 v0.3 A new way to define environments

(/usr/local/texlive/2022/texmf-dist/tex/latex/trimspaces/trimspaces.sty
Package: trimspaces 2009/09/17 v1.1 Trim spaces around a token list
))
(/usr/local/texlive/2022/texmf-dist/tex/latex/etoolbox/etoolbox.sty
Package: etoolbox 2020/10/05 v2.5k e-TeX tools for LaTeX (JAW)
\etb@tempcnta=\count338
)
\tcb@titlebox=\box69
\tcb@upperbox=\box70
\tcb@lowerbox=\box71
\tcb@phantombox=\box72
\c@tcbbreakpart=\count339
\c@tcblayer=\count340
\c@tcolorbox@number=\count341
\tcb@temp=\box73
\tcb@temp=\box74
\tcb@temp=\box75
\tcb@temp=\box76
)
(/usr/local/texlive/2022/texmf-dist/tex/latex/booktabs/booktabs.sty
Package: booktabs 2020/01/12 v1.61803398 Publication quality tables
\heavyrulewidth=\dimen275
\lightrulewidth=\dimen276
\cmidrulewidth=\dimen277
\belowrulesep=\dimen278
\belowbottomsep=\dimen279
\aboverulesep=\dimen280
\abovetopsep=\dimen281
\cmidrulesep=\dimen282
\cmidrulekern=\dimen283
\defaultaddspace=\dimen284
\@cmidla=\count342
\@cmidlb=\count343
\@aboverulesep=\dimen285
\@belowrulesep=\dimen286
\@thisruleclass=\count344
\@lastruleclass=\count345
\@thisrulewidth=\dimen287
)
(/usr/local/texlive/2022/texmf-dist/tex/latex/multirow/multirow.sty
Package: multirow 2021/03/15 v2.8 Span multiple rows of a table
\multirow@colwidth=\skip89
\multirow@cntb=\count346
\multirow@dima=\skip90
\bigstrutjot=\dimen288
)
(/usr/local/texlive/2022/texmf-dist/tex/latex/enumitem/enumitem.sty
Package: enumitem 2019/06/20 v3.9 Customized lists
\labelindent=\skip91
\enit@outerparindent=\dimen289
\enit@toks=\toks52
\enit@inbox=\box77
\enit@count@id=\count347
\enitdp@description=\count348
)
(/usr/local/texlive/2022/texmf-dist/tex/latex/tasks/tasks.sty
(/usr/local/texlive/2022/texmf-dist/tex/latex/l3kernel/expl3.sty
Package: expl3 2022-02-24 L3 programming layer (loader) 

(/usr/local/texlive/2022/texmf-dist/tex/latex/l3backend/l3backend-xetex.def
File: l3backend-xetex.def 2022-02-07 L3 backend support: XeTeX

(|extractbb --version)
\c__kernel_sys_dvipdfmx_version_int=\count349
\l__color_backend_stack_int=\count350
\g__color_backend_stack_int=\count351
\g__graphics_track_int=\count352
\l__pdf_internal_box=\box78
\g__pdf_backend_object_int=\count353
\g__pdf_backend_annotation_int=\count354
\g__pdf_backend_link_int=\count355
))
(/usr/local/texlive/2022/texmf-dist/tex/latex/l3packages/xparse/xparse.sty
Package: xparse 2022-01-12 L3 Experimental document command parser
)
(/usr/local/texlive/2022/texmf-dist/tex/latex/l3packages/xtemplate/xtemplate.st
y
Package: xtemplate 2022-01-12 L3 Experimental prototype document functions
\l__xtemplate_tmp_dim=\dimen290
\l__xtemplate_tmp_int=\count356
\l__xtemplate_tmp_muskip=\muskip17
\l__xtemplate_tmp_skip=\skip92
)
Package: tasks 2022/01/08 v1.4a lists with columns filled horizontally
\g__tasks_total_items_int=\count357
\l__tasks_columns_int=\count358
\g__tasks_rows_int=\count359
\g__tasks_current_col_num_int=\count360
\g__tasks_current_row_num_int=\count361
\l__tasks_item_columns_int=\count362
\g__tasks_env_int=\count363
\l__tasks_start_int=\count364
\l__tasks_item_indent_dim=\dimen291
\l__tasks_item_default_indent_dim=\dimen292
\l__tasks_item_width_dim=\dimen293
\l__tasks_label_width_dim=\dimen294
\l__tasks_label_default_width_dim=\dimen295
\l__tasks_label_offset_dim=\dimen296
\l__tasks_label_default_offset_dim=\dimen297
\l__tasks_column_sep_dim=\dimen298
\l__tasks_correction_dim=\dimen299
\l__tasks_full_width_dim=\dimen300
\l__tasks_after_item_skip=\skip93
\l__tasks_custom_after_item_skip=\skip94
\l__tasks_before_list_skip=\skip95
\l__tasks_after_list_skip=\skip96
\l__tasks_item_coffin=\box79
\l__tasks_label_coffin=\box80
\c@task=\count365
\l__tasks_tmpa_int=\count366
\l__tasks_tmpb_int=\count367
\l__tasks_tmpa_coffin=\box81
\l__tasks_tmpa_box=\box82

Package xtemplate Info: Declaring object type 'tasks' taking 3 argument(s) on
(xtemplate)             line 450.

 (/usr/local/texlive/2022/texmf-dist/tex/latex/tasks/tasks.cfg))
(/usr/local/texlive/2022/texmf-dist/tex/latex/framed/framed.sty
Package: framed 2011/10/22 v 0.96: framed or shaded text with page breaks
\OuterFrameSep=\skip97
\fb@frw=\dimen301
\fb@frh=\dimen302
\FrameRule=\dimen303
\FrameSep=\dimen304
)
(/usr/local/texlive/2022/texmf-dist/tex/latex/diagbox/diagbox.sty
Package: diagbox 2020/02/09 v2.3 Making table heads with diagonal lines

(/usr/local/texlive/2022/texmf-dist/tex/latex/pict2e/pict2e.sty
Package: pict2e 2020/09/30 v0.4b Improved picture commands (HjG,RN,JT)

(/usr/local/texlive/2022/texmf-dist/tex/latex/pict2e/pict2e.cfg
File: pict2e.cfg 2016/02/05 v0.1u pict2e configuration for teTeX/TeXLive
)
Package pict2e Info: Driver file: xetex.def on input line 112.
Package pict2e Info: Driver file for pict2e: p2e-xetex.def on input line 114.

(/usr/local/texlive/2022/texmf-dist/tex/latex/pict2e/p2e-xetex.def
File: p2e-xetex.def 2016/02/05 v0.1u Driver-dependant file (RN,HjG,JT)
)
\pIIe@GRAPH=\toks53
\@arclen=\dimen305
\@arcrad=\dimen306
\pIIe@tempdima=\dimen307
\pIIe@tempdimb=\dimen308
\pIIe@tempdimc=\dimen309
\pIIe@tempdimd=\dimen310
\pIIe@tempdime=\dimen311
\pIIe@tempdimf=\dimen312
)
(/usr/local/texlive/2022/texmf-dist/tex/latex/tools/calc.sty
Package: calc 2017/05/25 v4.3 Infix arithmetic (KKT,FJ)
\calc@Acount=\count368
\calc@Bcount=\count369
\calc@Adimen=\dimen313
\calc@Bdimen=\dimen314
\calc@Askip=\skip98
\calc@Bskip=\skip99
LaTeX Info: Redefining \setlength on input line 80.
LaTeX Info: Redefining \addtolength on input line 81.
\calc@Ccount=\count370
\calc@Cskip=\skip100
)
\diagbox@boxa=\box83
\diagbox@boxb=\box84
\diagbox@boxm=\box85
\diagbox@wd=\dimen315
\diagbox@ht=\dimen316
\diagbox@insepl=\dimen317
\diagbox@insepr=\dimen318
\diagbox@outsepl=\dimen319
\diagbox@outsepr=\dimen320
)
(/usr/local/texlive/2022/texmf-dist/tex/generic/ulem/ulem.sty
\UL@box=\box86
\UL@hyphenbox=\box87
\UL@skip=\skip101
\UL@hook=\toks54
\UL@height=\dimen321
\UL@pe=\count371
\UL@pixel=\dimen322
\ULC@box=\box88
Package: ulem 2019/11/18
\ULdepth=\dimen323
)
(/usr/local/texlive/2022/texmf-dist/tex/latex/geometry/geometry.sty
Package: geometry 2020/01/02 v5.9 Page Geometry

(/usr/local/texlive/2022/texmf-dist/tex/generic/iftex/ifvtex.sty
Package: ifvtex 2019/10/25 v1.7 ifvtex legacy package. Use iftex instead.

(/usr/local/texlive/2022/texmf-dist/tex/generic/iftex/iftex.sty
Package: iftex 2022/02/03 v1.0f TeX engine tests
))
\Gm@cnth=\count372
\Gm@cntv=\count373
\c@Gm@tempcnt=\count374
\Gm@bindingoffset=\dimen324
\Gm@wd@mp=\dimen325
\Gm@odd@mp=\dimen326
\Gm@even@mp=\dimen327
\Gm@layoutwidth=\dimen328
\Gm@layoutheight=\dimen329
\Gm@layouthoffset=\dimen330
\Gm@layoutvoffset=\dimen331
\Gm@dimlist=\toks55
)
(/usr/local/texlive/2022/texmf-dist/tex/latex/adjustbox/adjustbox.sty
Package: adjustbox 2020/08/19 v1.3 Adjusting TeX boxes (trim, clip, ...)

(/usr/local/texlive/2022/texmf-dist/tex/latex/xkeyval/xkeyval.sty
Package: xkeyval 2020/11/20 v2.8 package option processing (HA)

(/usr/local/texlive/2022/texmf-dist/tex/generic/xkeyval/xkeyval.tex
(/usr/local/texlive/2022/texmf-dist/tex/generic/xkeyval/xkvutils.tex
\XKV@toks=\toks56
\XKV@tempa@toks=\toks57
)
\XKV@depth=\count375
File: xkeyval.tex 2014/12/03 v2.7a key=value parser (HA)
))
(/usr/local/texlive/2022/texmf-dist/tex/latex/adjustbox/adjcalc.sty
Package: adjcalc 2012/05/16 v1.1 Provides advanced setlength with multiple back
-ends (calc, etex, pgfmath)
)
(/usr/local/texlive/2022/texmf-dist/tex/latex/adjustbox/trimclip.sty
Package: trimclip 2020/08/19 v1.2 Trim and clip general TeX material

(/usr/local/texlive/2022/texmf-dist/tex/latex/collectbox/collectbox.sty
Package: collectbox 2012/05/17 v0.4b Collect macro arguments as boxes
\collectedbox=\box89
)
\tc@llx=\dimen332
\tc@lly=\dimen333
\tc@urx=\dimen334
\tc@ury=\dimen335
Package trimclip Info: Using driver 'tc-xetex.def'.

(/usr/local/texlive/2022/texmf-dist/tex/latex/adjustbox/tc-xetex.def
File: tc-xetex.def 2019/01/04 v2.2 Clipping driver for xetex
))
\adjbox@Width=\dimen336
\adjbox@Height=\dimen337
\adjbox@Depth=\dimen338
\adjbox@Totalheight=\dimen339
\adjbox@pwidth=\dimen340
\adjbox@pheight=\dimen341
\adjbox@pdepth=\dimen342
\adjbox@ptotalheight=\dimen343

(/usr/local/texlive/2022/texmf-dist/tex/latex/ifoddpage/ifoddpage.sty
Package: ifoddpage 2016/04/23 v1.1 Conditionals for odd/even page detection
\c@checkoddpage=\count376
)
(/usr/local/texlive/2022/texmf-dist/tex/latex/varwidth/varwidth.sty
Package: varwidth 2009/03/30 ver 0.92;  Variable-width minipages
\@vwid@box=\box90
\sift@deathcycles=\count377
\@vwid@loff=\dimen344
\@vwid@roff=\dimen345
))
(/usr/local/texlive/2022/texmf-dist/tex/latex/hyperref/hyperref.sty
Package: hyperref 2022-02-21 v7.00n Hypertext links for LaTeX

(/usr/local/texlive/2022/texmf-dist/tex/generic/ltxcmds/ltxcmds.sty
Package: ltxcmds 2020-05-10 v1.25 LaTeX kernel commands for general use (HO)
)
(/usr/local/texlive/2022/texmf-dist/tex/generic/pdftexcmds/pdftexcmds.sty
Package: pdftexcmds 2020-06-27 v0.33 Utility functions of pdfTeX for LuaTeX (HO
)

(/usr/local/texlive/2022/texmf-dist/tex/generic/infwarerr/infwarerr.sty
Package: infwarerr 2019/12/03 v1.5 Providing info/warning/error messages (HO)
)
Package pdftexcmds Info: \pdf@primitive is available.
Package pdftexcmds Info: \pdf@ifprimitive is available.
Package pdftexcmds Info: \pdfdraftmode not found.
)
(/usr/local/texlive/2022/texmf-dist/tex/generic/kvsetkeys/kvsetkeys.sty
Package: kvsetkeys 2019/12/15 v1.18 Key value parser (HO)
)
(/usr/local/texlive/2022/texmf-dist/tex/generic/kvdefinekeys/kvdefinekeys.sty
Package: kvdefinekeys 2019-12-19 v1.6 Define keys (HO)
)
(/usr/local/texlive/2022/texmf-dist/tex/generic/pdfescape/pdfescape.sty
Package: pdfescape 2019/12/09 v1.15 Implements pdfTeX's escape features (HO)
)
(/usr/local/texlive/2022/texmf-dist/tex/latex/hycolor/hycolor.sty
Package: hycolor 2020-01-27 v1.10 Color options for hyperref/bookmark (HO)
)
(/usr/local/texlive/2022/texmf-dist/tex/latex/letltxmacro/letltxmacro.sty
Package: letltxmacro 2019/12/03 v1.6 Let assignment for LaTeX macros (HO)
)
(/usr/local/texlive/2022/texmf-dist/tex/latex/auxhook/auxhook.sty
Package: auxhook 2019-12-17 v1.6 Hooks for auxiliary files (HO)
)
(/usr/local/texlive/2022/texmf-dist/tex/latex/kvoptions/kvoptions.sty
Package: kvoptions 2020-10-07 v3.14 Key value format for package options (HO)
)
\@linkdim=\dimen346
\Hy@linkcounter=\count378
\Hy@pagecounter=\count379

(/usr/local/texlive/2022/texmf-dist/tex/latex/hyperref/pd1enc.def
File: pd1enc.def 2022-02-21 v7.00n Hyperref: PDFDocEncoding definition (HO)
)
(/usr/local/texlive/2022/texmf-dist/tex/generic/intcalc/intcalc.sty
Package: intcalc 2019/12/15 v1.3 Expandable calculations with integers (HO)
)
(/usr/local/texlive/2022/texmf-dist/tex/generic/etexcmds/etexcmds.sty
Package: etexcmds 2019/12/15 v1.7 Avoid name clashes with e-TeX commands (HO)
)
\Hy@SavedSpaceFactor=\count380

(/usr/local/texlive/2022/texmf-dist/tex/latex/hyperref/puenc.def
File: puenc.def 2022-02-21 v7.00n Hyperref: PDF Unicode definition (HO)
)
Package hyperref Info: Option `colorlinks' set `true' on input line 4018.
Package hyperref Info: Hyper figures OFF on input line 4137.
Package hyperref Info: Link nesting OFF on input line 4142.
Package hyperref Info: Hyper index ON on input line 4145.
Package hyperref Info: Plain pages OFF on input line 4152.
Package hyperref Info: Backreferencing OFF on input line 4157.
Package hyperref Info: Implicit mode ON; LaTeX internals redefined.
Package hyperref Info: Bookmarks ON on input line 4390.
\c@Hy@tempcnt=\count381

(/usr/local/texlive/2022/texmf-dist/tex/latex/url/url.sty
\Urlmuskip=\muskip18
Package: url 2013/09/16  ver 3.4  Verb mode for urls, etc.
)
LaTeX Info: Redefining \url on input line 4749.
\XeTeXLinkMargin=\dimen347

(/usr/local/texlive/2022/texmf-dist/tex/generic/bitset/bitset.sty
Package: bitset 2019/12/09 v1.3 Handle bit-vector datatype (HO)

(/usr/local/texlive/2022/texmf-dist/tex/generic/bigintcalc/bigintcalc.sty
Package: bigintcalc 2019/12/15 v1.5 Expandable calculations on big integers (HO
)
))
\Fld@menulength=\count382
\Field@Width=\dimen348
\Fld@charsize=\dimen349
Package hyperref Info: Hyper figures OFF on input line 6027.
Package hyperref Info: Link nesting OFF on input line 6032.
Package hyperref Info: Hyper index ON on input line 6035.
Package hyperref Info: backreferencing OFF on input line 6042.
Package hyperref Info: Link coloring ON on input line 6045.
Package hyperref Info: Link coloring with OCG OFF on input line 6052.
Package hyperref Info: PDF/A mode OFF on input line 6057.
LaTeX Info: Redefining \ref on input line 6097.
LaTeX Info: Redefining \pageref on input line 6101.

(/usr/local/texlive/2022/texmf-dist/tex/latex/base/atbegshi-ltx.sty
Package: atbegshi-ltx 2021/01/10 v1.0c Emulation of the original atbegshi
package with kernel methods
)
\Hy@abspage=\count383
\c@Item=\count384
\c@Hfootnote=\count385
)
Package hyperref Info: Driver (autodetected): hxetex.

(/usr/local/texlive/2022/texmf-dist/tex/latex/hyperref/hxetex.def
File: hxetex.def 2022-02-21 v7.00n Hyperref driver for XeTeX

(/usr/local/texlive/2022/texmf-dist/tex/generic/stringenc/stringenc.sty
Package: stringenc 2019/11/29 v1.12 Convert strings between diff. encodings (HO
)
)
\pdfm@box=\box91
\c@Hy@AnnotLevel=\count386
\HyField@AnnotCount=\count387
\Fld@listcount=\count388
\c@bookmark@seq@number=\count389

(/usr/local/texlive/2022/texmf-dist/tex/latex/rerunfilecheck/rerunfilecheck.sty
Package: rerunfilecheck 2019/12/05 v1.9 Rerun checks for auxiliary files (HO)
(/usr/local/texlive/2022/texmf-dist/tex/latex/base/atveryend-ltx.sty
Package: atveryend-ltx 2020/08/19 v1.0a Emulation of the original atveryend pac
kage
with kernel methods
)
(/usr/local/texlive/2022/texmf-dist/tex/generic/uniquecounter/uniquecounter.sty
Package: uniquecounter 2019/12/15 v1.4 Provide unlimited unique counter (HO)
)
Package uniquecounter Info: New unique counter `rerunfilecheck' on input line 2
86.
)
\Hy@SectionHShift=\skip102
) (/usr/local/texlive/2022/texmf-dist/tex/xelatex/xecjk/xeCJK.sty
Package: xeCJK 2021/12/12 v3.8.8 Typesetting CJK scripts with XeLaTeX

(/usr/local/texlive/2022/texmf-dist/tex/latex/ctex/ctexhook.sty
Package: ctexhook 2021/12/12 v2.5.8 Document and package hooks (CTEX)
)
(/usr/local/texlive/2022/texmf-dist/tex/latex/l3packages/l3keys2e/l3keys2e.sty
Package: l3keys2e 2022-01-12 LaTeX2e option processing using LaTeX3 keys
)
\l__xeCJK_tmp_int=\count390
\l__xeCJK_tmp_box=\box92
\l__xeCJK_tmp_dim=\dimen350
\l__xeCJK_tmp_skip=\skip103
\g__xeCJK_space_factor_int=\count391
\l__xeCJK_begin_int=\count392
\l__xeCJK_end_int=\count393
\c__xeCJK_CJK_class_int=\XeTeXcharclass1
\c__xeCJK_FullLeft_class_int=\XeTeXcharclass2
\c__xeCJK_FullRight_class_int=\XeTeXcharclass3
\c__xeCJK_HalfLeft_class_int=\XeTeXcharclass4
\c__xeCJK_HalfRight_class_int=\XeTeXcharclass5
\c__xeCJK_NormalSpace_class_int=\XeTeXcharclass6
\c__xeCJK_CM_class_int=\XeTeXcharclass7
\c__xeCJK_HangulJamo_class_int=\XeTeXcharclass8
\l__xeCJK_last_skip=\skip104
\g__xeCJK_node_int=\count394
\c__xeCJK_CJK_node_dim=\dimen351
\c__xeCJK_CJK-space_node_dim=\dimen352
\c__xeCJK_default_node_dim=\dimen353
\c__xeCJK_default-space_node_dim=\dimen354
\c__xeCJK_CJK-widow_node_dim=\dimen355
\c__xeCJK_normalspace_node_dim=\dimen356
\l__xeCJK_ccglue_skip=\skip105
\l__xeCJK_ecglue_skip=\skip106
\l__xeCJK_punct_kern_skip=\skip107
\l__xeCJK_last_penalty_int=\count395
\l__xeCJK_last_bound_dim=\dimen357
\l__xeCJK_last_kern_dim=\dimen358
\l__xeCJK_widow_penalty_int=\count396

Package xtemplate Info: Declaring object type 'xeCJK/punctuation' taking 0
(xtemplate)             argument(s) on line 2337.

\l__xeCJK_fixed_punct_width_dim=\dimen359
\l__xeCJK_mixed_punct_width_dim=\dimen360
\l__xeCJK_middle_punct_width_dim=\dimen361
\l__xeCJK_fixed_margin_width_dim=\dimen362
\l__xeCJK_mixed_margin_width_dim=\dimen363
\l__xeCJK_middle_margin_width_dim=\dimen364
\l__xeCJK_bound_punct_width_dim=\dimen365
\l__xeCJK_bound_margin_width_dim=\dimen366
\l__xeCJK_margin_minimum_dim=\dimen367
\l__xeCJK_kerning_total_width_dim=\dimen368
\l__xeCJK_same_align_margin_dim=\dimen369
\l__xeCJK_different_align_margin_dim=\dimen370
\l__xeCJK_kerning_margin_width_dim=\dimen371
\l__xeCJK_kerning_margin_minimum_dim=\dimen372
\l__xeCJK_bound_dim=\dimen373
\l__xeCJK_reverse_bound_dim=\dimen374
\l__xeCJK_margin_dim=\dimen375
\l__xeCJK_minimum_bound_dim=\dimen376
\l__xeCJK_kerning_margin_dim=\dimen377
\g__xeCJK_family_int=\count397
\l__xeCJK_fam_int=\count398
\g__xeCJK_fam_allocation_int=\count399
\l__xeCJK_verb_case_int=\count400
\l__xeCJK_verb_exspace_skip=\skip108
(/usr/local/texlive/2022/texmf-dist/tex/latex/fontspec/fontspec.sty
Package: fontspec 2022/01/15 v2.8a Font selection for XeLaTeX and LuaLaTeX

(/usr/local/texlive/2022/texmf-dist/tex/latex/fontspec/fontspec-xetex.sty
Package: fontspec-xetex 2022/01/15 v2.8a Font selection for XeLaTeX and LuaLaTe
X
\l__fontspec_script_int=\count401
\l__fontspec_language_int=\count402
\l__fontspec_strnum_int=\count403
\l__fontspec_tmp_int=\count404
\l__fontspec_tmpa_int=\count405
\l__fontspec_tmpb_int=\count406
\l__fontspec_tmpc_int=\count407
\l__fontspec_em_int=\count408
\l__fontspec_emdef_int=\count409
\l__fontspec_strong_int=\count410
\l__fontspec_strongdef_int=\count411
\l__fontspec_tmpa_dim=\dimen378
\l__fontspec_tmpb_dim=\dimen379
\l__fontspec_tmpc_dim=\dimen380

(/usr/local/texlive/2022/texmf-dist/tex/latex/base/fontenc.sty
Package: fontenc 2021/04/29 v2.0v Standard LaTeX package
)
(/usr/local/texlive/2022/texmf-dist/tex/latex/fontspec/fontspec.cfg)))
(/usr/local/texlive/2022/texmf-dist/tex/xelatex/xecjk/xeCJK.cfg
File: xeCJK.cfg 2021/12/12 v3.8.8 Configuration file for xeCJK package
))

Package fontspec Warning: Font "標楷體" does not contain requested Script "CJK".


Package fontspec Info: Could not resolve font "標楷體/BI" (it probably doesn't
(fontspec)             exist).


Package fontspec Info: Could not resolve font "標楷體/B" (it probably doesn't
(fontspec)             exist).


Package fontspec Info: Could not resolve font "標楷體/I" (it probably doesn't
(fontspec)             exist).


Package fontspec Info: Font family '標楷體(0)' created for font '標楷體' with
(fontspec)             options [Script={CJK}].
(fontspec)              
(fontspec)              This font family consists of the following NFSS
(fontspec)             series/shapes:
(fontspec)              
(fontspec)             - 'normal' (m/n) with NFSS spec.:
(fontspec)             <->"標楷體/OT:language=dflt;"
(fontspec)             - 'small caps'  (m/sc) with NFSS spec.: 


Package fontspec Info: Font family 'TimesNewRoman(0)' created for font 'Times
(fontspec)             New Roman' with options [Ligatures=TeX].
(fontspec)              
(fontspec)              This font family consists of the following NFSS
(fontspec)             series/shapes:
(fontspec)              
(fontspec)             - 'normal' (m/n) with NFSS spec.: <->"Times New
(fontspec)             Roman/OT:script=latn;language=dflt;mapping=tex-text;"
(fontspec)             - 'small caps'  (m/sc) with NFSS spec.: 
(fontspec)             - 'bold' (b/n) with NFSS spec.: <->"Times New
(fontspec)             Roman/B/OT:script=latn;language=dflt;mapping=tex-text;"
(fontspec)             - 'bold small caps'  (b/sc) with NFSS spec.: 
(fontspec)             - 'italic' (m/it) with NFSS spec.: <->"Times New
(fontspec)             Roman/I/OT:script=latn;language=dflt;mapping=tex-text;"
(fontspec)             - 'italic small caps'  (m/scit) with NFSS spec.: 
(fontspec)             - 'bold italic' (b/it) with NFSS spec.: <->"Times New
(fontspec)             Roman/BI/OT:script=latn;language=dflt;mapping=tex-text;"

(fontspec)             - 'bold italic small caps'  (b/scit) with NFSS spec.: 

\c@foc=\count412

(/usr/local/texlive/2022/texmf-dist/tex/generic/pgf/frontendlayer/tikz/librarie
s/tikzlibraryshapes.geometric.code.tex
File: tikzlibraryshapes.geometric.code.tex 2021/05/15 v3.1.9a (3.1.9a)

(/usr/local/texlive/2022/texmf-dist/tex/generic/pgf/libraries/shapes/pgflibrary
shapes.geometric.code.tex
File: pgflibraryshapes.geometric.code.tex 2021/05/15 v3.1.9a (3.1.9a)
)) (./108-8-2.aux)
\openout1 = `108-8-2.aux'.

LaTeX Font Info:    Checking defaults for OML/cmm/m/it on input line 205.
LaTeX Font Info:    ... okay on input line 205.
LaTeX Font Info:    Checking defaults for OMS/cmsy/m/n on input line 205.
LaTeX Font Info:    ... okay on input line 205.
LaTeX Font Info:    Checking defaults for OT1/cmr/m/n on input line 205.
LaTeX Font Info:    ... okay on input line 205.
LaTeX Font Info:    Checking defaults for T1/cmr/m/n on input line 205.
LaTeX Font Info:    ... okay on input line 205.
LaTeX Font Info:    Checking defaults for TS1/cmr/m/n on input line 205.
LaTeX Font Info:    Trying to load font information for TS1+cmr on input line 2
05.

(/usr/local/texlive/2022/texmf-dist/tex/latex/base/ts1cmr.fd
File: ts1cmr.fd 2019/12/16 v2.5j Standard LaTeX font definitions
)
LaTeX Font Info:    ... okay on input line 205.
LaTeX Font Info:    Checking defaults for TU/lmr/m/n on input line 205.
LaTeX Font Info:    ... okay on input line 205.
LaTeX Font Info:    Checking defaults for OMX/cmex/m/n on input line 205.
LaTeX Font Info:    ... okay on input line 205.
LaTeX Font Info:    Checking defaults for U/cmr/m/n on input line 205.
LaTeX Font Info:    ... okay on input line 205.
LaTeX Font Info:    Checking defaults for PD1/pdf/m/n on input line 205.
LaTeX Font Info:    ... okay on input line 205.
LaTeX Font Info:    Checking defaults for PU/pdf/m/n on input line 205.
LaTeX Font Info:    ... okay on input line 205.
Package caption Info: Begin \AtBeginDocument code.
Package caption Info: hyperref package is loaded.
Package caption Info: subfigure package is loaded.
Package caption Info: wrapfig package is loaded.
Package caption Info: End \AtBeginDocument code.

*geometry* driver: auto-detecting
*geometry* detected driver: xetex
*geometry* verbose mode - [ preamble ] result:
* driver: xetex
* paper: <default>
* layout: <same size as paper>
* layoutoffset:(h,v)=(0.0pt,0.0pt)
* modes: 
* h-part:(L,W,R)=(56.9055pt, 500.484pt, 56.9055pt)
* v-part:(T,H,B)=(56.9055pt, 681.15898pt, 56.9055pt)
* \paperwidth=614.295pt
* \paperheight=794.96999pt
* \textwidth=500.484pt
* \textheight=681.15898pt
* \oddsidemargin=-15.36449pt
* \evensidemargin=-15.36449pt
* \topmargin=-45.36449pt
* \headheight=15.0pt
* \headsep=15.0pt
* \topskip=10.0pt
* \footskip=29.0pt
* \marginparwidth=36.135pt
* \marginparsep=5.0pt
* \columnsep=10.0pt
* \skip\footins=9.0pt plus 4.0pt minus 2.0pt
* \hoffset=0.0pt
* \voffset=0.0pt
* \mag=1000
* \@twocolumnfalse
* \@twosidefalse
* \@mparswitchfalse
* \@reversemarginfalse
* (1in=72.27pt=25.4mm, 1cm=28.453pt)

Package hyperref Info: Link coloring ON on input line 205.
(/usr/local/texlive/2022/texmf-dist/tex/latex/hyperref/nameref.sty
Package: nameref 2021-04-02 v2.47 Cross-referencing by name of section

(/usr/local/texlive/2022/texmf-dist/tex/latex/refcount/refcount.sty
Package: refcount 2019/12/15 v3.6 Data extraction from label references (HO)
)
(/usr/local/texlive/2022/texmf-dist/tex/generic/gettitlestring/gettitlestring.s
ty
Package: gettitlestring 2019/12/15 v1.6 Cleanup title references (HO)
)
\c@section@level=\count413
)
LaTeX Info: Redefining \ref on input line 205.
LaTeX Info: Redefining \pageref on input line 205.
LaTeX Info: Redefining \nameref on input line 205.
 (./108-8-2.out) (./108-8-2.out)
\@outlinefile=\write4
\openout4 = `108-8-2.out'.


Package fontspec Info: Adjusting the maths setup (use [no-math] to avoid
(fontspec)             this).

\symlegacymaths=\mathgroup7
LaTeX Font Info:    Overwriting symbol font `legacymaths' in version `bold'
(Font)                  OT1/cmr/m/n --> OT1/cmr/bx/n on input line 205.
LaTeX Font Info:    Redeclaring math accent \acute on input line 205.
LaTeX Font Info:    Redeclaring math accent \grave on input line 205.
LaTeX Font Info:    Redeclaring math accent \ddot on input line 205.
LaTeX Font Info:    Redeclaring math accent \tilde on input line 205.
LaTeX Font Info:    Redeclaring math accent \bar on input line 205.
LaTeX Font Info:    Redeclaring math accent \breve on input line 205.
LaTeX Font Info:    Redeclaring math accent \check on input line 205.
LaTeX Font Info:    Redeclaring math accent \hat on input line 205.
LaTeX Font Info:    Redeclaring math accent \dot on input line 205.
LaTeX Font Info:    Redeclaring math accent \mathring on input line 205.
LaTeX Font Info:    Redeclaring math symbol \Gamma on input line 205.
LaTeX Font Info:    Redeclaring math symbol \Delta on input line 205.
LaTeX Font Info:    Redeclaring math symbol \Theta on input line 205.
LaTeX Font Info:    Redeclaring math symbol \Lambda on input line 205.
LaTeX Font Info:    Redeclaring math symbol \Xi on input line 205.
LaTeX Font Info:    Redeclaring math symbol \Pi on input line 205.
LaTeX Font Info:    Redeclaring math symbol \Sigma on input line 205.
LaTeX Font Info:    Redeclaring math symbol \Upsilon on input line 205.
LaTeX Font Info:    Redeclaring math symbol \Phi on input line 205.
LaTeX Font Info:    Redeclaring math symbol \Psi on input line 205.
LaTeX Font Info:    Redeclaring math symbol \Omega on input line 205.
LaTeX Font Info:    Redeclaring math symbol \mathdollar on input line 205.
LaTeX Font Info:    Redeclaring symbol font `operators' on input line 205.
LaTeX Font Info:    Encoding `OT1' has changed to `TU' for symbol font
(Font)              `operators' in the math version `normal' on input line 205.

LaTeX Font Info:    Overwriting symbol font `operators' in version `normal'
(Font)                  OT1/cmr/m/n --> TU/TimesNewRoman(0)/m/n on input line 2
05.
LaTeX Font Info:    Encoding `OT1' has changed to `TU' for symbol font
(Font)              `operators' in the math version `bold' on input line 205.
LaTeX Font Info:    Overwriting symbol font `operators' in version `bold'
(Font)                  OT1/cmr/bx/n --> TU/TimesNewRoman(0)/m/n on input line 
205.
LaTeX Font Info:    Overwriting symbol font `operators' in version `normal'
(Font)                  TU/TimesNewRoman(0)/m/n --> TU/TimesNewRoman(0)/m/n on 
input line 205.
LaTeX Font Info:    Overwriting math alphabet `\mathit' in version `normal'
(Font)                  OT1/cmr/m/it --> TU/TimesNewRoman(0)/m/it on input line
 205.
LaTeX Font Info:    Overwriting math alphabet `\mathbf' in version `normal'
(Font)                  OT1/cmr/bx/n --> TU/TimesNewRoman(0)/b/n on input line 
205.
LaTeX Font Info:    Overwriting math alphabet `\mathsf' in version `normal'
(Font)                  OT1/cmss/m/n --> TU/lmss/m/n on input line 205.
LaTeX Font Info:    Overwriting math alphabet `\mathtt' in version `normal'
(Font)                  OT1/cmtt/m/n --> TU/lmtt/m/n on input line 205.
LaTeX Font Info:    Overwriting symbol font `operators' in version `bold'
(Font)                  TU/TimesNewRoman(0)/m/n --> TU/TimesNewRoman(0)/b/n on 
input line 205.
LaTeX Font Info:    Overwriting math alphabet `\mathit' in version `bold'
(Font)                  OT1/cmr/bx/it --> TU/TimesNewRoman(0)/b/it on input lin
e 205.
LaTeX Font Info:    Overwriting math alphabet `\mathsf' in version `bold'
(Font)                  OT1/cmss/bx/n --> TU/lmss/b/n on input line 205.
LaTeX Font Info:    Overwriting math alphabet `\mathtt' in version `bold'
(Font)                  OT1/cmtt/m/n --> TU/lmtt/b/n on input line 205.

Package fontspec Info: Font family '華康行楷體W5(0)' created for font '華康行楷體W5'
(fontspec)             with options [AutoFakeBold={0.5},AutoFakeSlant={0}].
(fontspec)              
(fontspec)              This font family consists of the following NFSS
(fontspec)             series/shapes:
(fontspec)              
(fontspec)             - 'normal' (m/n) with NFSS spec.:
(fontspec)             <->"華康行楷體W5/OT:language=dflt;"
(fontspec)             - 'small caps'  (m/sc) with NFSS spec.: 
(fontspec)             - 'bold' (b/n) with NFSS spec.:
(fontspec)             <->"華康行楷體W5/OT:language=dflt;embolden=0.5;"
(fontspec)             - 'bold small caps'  (b/sc) with NFSS spec.: 
(fontspec)             - 'italic' (m/it) with NFSS spec.:
(fontspec)             <->"華康行楷體W5/OT:language=dflt;slant=0;"
(fontspec)             - 'italic small caps'  (m/scit) with NFSS spec.: 
(fontspec)             - 'bold italic' (b/it) with NFSS spec.:
(fontspec)             <->"華康行楷體W5/OT:language=dflt;embolden=0.5;slant=0;"
(fontspec)             - 'bold italic small caps'  (b/scit) with NFSS spec.: 

LaTeX Font Info:    Trying to load font information for U+msa on input line 217
.

(/usr/local/texlive/2022/texmf-dist/tex/latex/amsfonts/umsa.fd
File: umsa.fd 2013/01/14 v3.01 AMS symbols A
)
LaTeX Font Info:    Trying to load font information for U+msb on input line 217
.

(/usr/local/texlive/2022/texmf-dist/tex/latex/amsfonts/umsb.fd
File: umsb.fd 2013/01/14 v3.01 AMS symbols B
)
LaTeX Font Info:    Trying to load font information for U+rsfs on input line 21
7.

(/usr/local/texlive/2022/texmf-dist/tex/latex/jknapltx/ursfs.fd
File: ursfs.fd 1998/03/24 rsfs font definition file (jk)
)

Package tasks Warning: The width of `label-width' is too small on line 229.
(tasks)                Please set it at least to 16.6582pt.


Overfull \hbox (1.57301pt too wide) in paragraph at lines 229--229
\TU/TimesNewRoman(0)/m/n/12 (A)
 []


Package tasks Warning: The width of `label-width' is too small on line 229.
(tasks)                Please set it at least to 15.9961pt.


Overfull \hbox (0.9109pt too wide) in paragraph at lines 229--229
\TU/TimesNewRoman(0)/m/n/12 (B)
 []


Package tasks Warning: The width of `label-width' is too small on line 229.
(tasks)                Please set it at least to 15.9961pt.


Overfull \hbox (0.9109pt too wide) in paragraph at lines 229--229
\TU/TimesNewRoman(0)/m/n/12 (C)
 []


Package tasks Warning: The width of `label-width' is too small on line 229.
(tasks)                Please set it at least to 16.6582pt.


Overfull \hbox (1.57301pt too wide) in paragraph at lines 229--229
\TU/TimesNewRoman(0)/m/n/12 (D)
 []


Underfull \hbox (badness 10000) in paragraph at lines 230--231

 []


Overfull \hbox (4.907pt too wide) in paragraph at lines 246--246
\TU/TimesNewRoman(0)/m/n/12 (\TU/標楷體(0)/m/n/12 甲\TU/TimesNewRoman(0)/m/n/12 )
 []


Overfull \hbox (4.907pt too wide) in paragraph at lines 246--246
\TU/TimesNewRoman(0)/m/n/12 (\TU/標楷體(0)/m/n/12 乙\TU/TimesNewRoman(0)/m/n/12 )
 []


Overfull \hbox (4.907pt too wide) in paragraph at lines 246--246
\TU/TimesNewRoman(0)/m/n/12 (\TU/標楷體(0)/m/n/12 丙\TU/TimesNewRoman(0)/m/n/12 )
 []


Overfull \hbox (4.907pt too wide) in paragraph at lines 246--246
\TU/TimesNewRoman(0)/m/n/12 (\TU/標楷體(0)/m/n/12 丁\TU/TimesNewRoman(0)/m/n/12 )
 []


Overfull \hbox (4.907pt too wide) in paragraph at lines 246--246
\TU/TimesNewRoman(0)/m/n/12 (\TU/標楷體(0)/m/n/12 戊\TU/TimesNewRoman(0)/m/n/12 )
 []


Overfull \hbox (4.907pt too wide) in paragraph at lines 246--246
\TU/TimesNewRoman(0)/m/n/12 (\TU/標楷體(0)/m/n/12 己\TU/TimesNewRoman(0)/m/n/12 )
 []


Package tasks Warning: The width of `label-width' is too small on line 252.
(tasks)                Please set it at least to 16.6582pt.


Overfull \hbox (1.57301pt too wide) in paragraph at lines 252--252
\TU/TimesNewRoman(0)/m/n/12 (A)
 []


Package tasks Warning: The width of `label-width' is too small on line 252.
(tasks)                Please set it at least to 15.9961pt.


Overfull \hbox (0.9109pt too wide) in paragraph at lines 252--252
\TU/TimesNewRoman(0)/m/n/12 (B)
 []


Package tasks Warning: The width of `label-width' is too small on line 252.
(tasks)                Please set it at least to 15.9961pt.


Overfull \hbox (0.9109pt too wide) in paragraph at lines 252--252
\TU/TimesNewRoman(0)/m/n/12 (C)
 []


Package tasks Warning: The width of `label-width' is too small on line 252.
(tasks)                Please set it at least to 16.6582pt.


Overfull \hbox (1.57301pt too wide) in paragraph at lines 252--252
\TU/TimesNewRoman(0)/m/n/12 (D)
 []


Underfull \hbox (badness 10000) in paragraph at lines 253--254

 []


Package tasks Warning: The width of `label-width' is too small on line 265.
(tasks)                Please set it at least to 16.6582pt.


Overfull \hbox (1.57301pt too wide) in paragraph at lines 265--265
\TU/TimesNewRoman(0)/m/n/12 (A)
 []


Package tasks Warning: The width of `label-width' is too small on line 265.
(tasks)                Please set it at least to 15.9961pt.


Overfull \hbox (0.9109pt too wide) in paragraph at lines 265--265
\TU/TimesNewRoman(0)/m/n/12 (B)
 []


Package tasks Warning: The width of `label-width' is too small on line 265.
(tasks)                Please set it at least to 15.9961pt.


Overfull \hbox (0.9109pt too wide) in paragraph at lines 265--265
\TU/TimesNewRoman(0)/m/n/12 (C)
 []


Package tasks Warning: The width of `label-width' is too small on line 265.
(tasks)                Please set it at least to 16.6582pt.


Overfull \hbox (1.57301pt too wide) in paragraph at lines 265--265
\TU/TimesNewRoman(0)/m/n/12 (D)
 []


Underfull \hbox (badness 10000) in paragraph at lines 266--267

 []

Missing character: There is no 小 (U+5C0F) in font Times New Roman/OT:script=lat
n;language=dflt;mapping=tex-text;!
Missing character: There is no 明 (U+660E) in font Times New Roman/OT:script=lat
n;language=dflt;mapping=tex-text;!
Missing character: There is no 無 (U+7121) in font Times New Roman/OT:script=lat
n;language=dflt;mapping=tex-text;!
Missing character: There is no 法 (U+6CD5) in font Times New Roman/OT:script=lat
n;language=dflt;mapping=tex-text;!

Package tasks Warning: The width of `label-width' is too small on line 278.
(tasks)                Please set it at least to 16.6582pt.


Overfull \hbox (1.57301pt too wide) in paragraph at lines 278--278
\TU/TimesNewRoman(0)/m/n/12 (A)
 []


Package tasks Warning: The width of `label-width' is too small on line 278.
(tasks)                Please set it at least to 15.9961pt.


Overfull \hbox (0.9109pt too wide) in paragraph at lines 278--278
\TU/TimesNewRoman(0)/m/n/12 (B)
 []


Package tasks Warning: The width of `label-width' is too small on line 278.
(tasks)                Please set it at least to 15.9961pt.


Overfull \hbox (0.9109pt too wide) in paragraph at lines 278--278
\TU/TimesNewRoman(0)/m/n/12 (C)
 []


Package tasks Warning: The width of `label-width' is too small on line 278.
(tasks)                Please set it at least to 16.6582pt.


Overfull \hbox (1.57301pt too wide) in paragraph at lines 278--278
\TU/TimesNewRoman(0)/m/n/12 (D)
 []

[1

]
Underfull \hbox (badness 10000) in paragraph at lines 279--280

 []


Package tasks Warning: The width of `label-width' is too small on line 293.
(tasks)                Please set it at least to 16.6582pt.


Overfull \hbox (1.57301pt too wide) in paragraph at lines 293--293
\TU/TimesNewRoman(0)/m/n/12 (A)
 []


Package tasks Warning: The width of `label-width' is too small on line 293.
(tasks)                Please set it at least to 15.9961pt.


Overfull \hbox (0.9109pt too wide) in paragraph at lines 293--293
\TU/TimesNewRoman(0)/m/n/12 (B)
 []


Package tasks Warning: The width of `label-width' is too small on line 293.
(tasks)                Please set it at least to 15.9961pt.


Overfull \hbox (0.9109pt too wide) in paragraph at lines 293--293
\TU/TimesNewRoman(0)/m/n/12 (C)
 []


Package tasks Warning: The width of `label-width' is too small on line 293.
(tasks)                Please set it at least to 16.6582pt.


Overfull \hbox (1.57301pt too wide) in paragraph at lines 293--293
\TU/TimesNewRoman(0)/m/n/12 (D)
 []


Underfull \hbox (badness 10000) in paragraph at lines 295--296

 []


Package tasks Warning: The width of `label-width' is too small on line 307.
(tasks)                Please set it at least to 16.6582pt.


Overfull \hbox (1.57301pt too wide) in paragraph at lines 307--307
\TU/TimesNewRoman(0)/m/n/12 (A)
 []


Package tasks Warning: The width of `label-width' is too small on line 307.
(tasks)                Please set it at least to 15.9961pt.


Overfull \hbox (0.9109pt too wide) in paragraph at lines 307--307
\TU/TimesNewRoman(0)/m/n/12 (B)
 []


Package tasks Warning: The width of `label-width' is too small on line 307.
(tasks)                Please set it at least to 15.9961pt.


Overfull \hbox (0.9109pt too wide) in paragraph at lines 307--307
\TU/TimesNewRoman(0)/m/n/12 (C)
 []


Package tasks Warning: The width of `label-width' is too small on line 307.
(tasks)                Please set it at least to 16.6582pt.


Overfull \hbox (1.57301pt too wide) in paragraph at lines 307--307
\TU/TimesNewRoman(0)/m/n/12 (D)
 []


Underfull \hbox (badness 10000) in paragraph at lines 308--309

 []


Underfull \hbox (badness 10000) in paragraph at lines 315--316

 []


Underfull \hbox (badness 10000) in paragraph at lines 323--324

 []

[2]
Underfull \hbox (badness 10000) in paragraph at lines 331--332

 []


Underfull \hbox (badness 10000) in paragraph at lines 339--340

 []


Package tasks Warning: The width of `label-width' is too small on line 350.
(tasks)                Please set it at least to 16.6582pt.


Overfull \hbox (1.57301pt too wide) in paragraph at lines 350--350
\TU/TimesNewRoman(0)/m/n/12 (A)
 []


Package tasks Warning: The width of `label-width' is too small on line 350.
(tasks)                Please set it at least to 15.9961pt.


Overfull \hbox (0.9109pt too wide) in paragraph at lines 350--350
\TU/TimesNewRoman(0)/m/n/12 (B)
 []


Package tasks Warning: The width of `label-width' is too small on line 350.
(tasks)                Please set it at least to 15.9961pt.


Overfull \hbox (0.9109pt too wide) in paragraph at lines 350--350
\TU/TimesNewRoman(0)/m/n/12 (C)
 []


Underfull \hbox (badness 10000) in paragraph at lines 351--352

 []


Package tasks Warning: The width of `label-width' is too small on line 365.
(tasks)                Please set it at least to 16.6582pt.


Overfull \hbox (1.57301pt too wide) in paragraph at lines 365--365
\TU/TimesNewRoman(0)/m/n/12 (A)
 []


Package tasks Warning: The width of `label-width' is too small on line 365.
(tasks)                Please set it at least to 15.9961pt.


Overfull \hbox (0.9109pt too wide) in paragraph at lines 365--365
\TU/TimesNewRoman(0)/m/n/12 (B)
 []


Package tasks Warning: The width of `label-width' is too small on line 365.
(tasks)                Please set it at least to 15.9961pt.


Overfull \hbox (0.9109pt too wide) in paragraph at lines 365--365
\TU/TimesNewRoman(0)/m/n/12 (C)
 []

[3]

Package tasks Warning: The width of `label-width' is too small on line 365.
(tasks)                Please set it at least to 16.6582pt.


Overfull \hbox (1.57301pt too wide) in paragraph at lines 365--365
\TU/TimesNewRoman(0)/m/n/12 (D)
 []


Package tasks Warning: The width of `label-width' is too small on line 365.
(tasks)                Please set it at least to 15.32227pt.


Overfull \hbox (0.23708pt too wide) in paragraph at lines 365--365
\TU/TimesNewRoman(0)/m/n/12 (E)
 []


Underfull \hbox (badness 10000) in paragraph at lines 366--367

 []


Underfull \hbox (badness 10000) in paragraph at lines 374--375

 []


Underfull \hbox (badness 10000) in paragraph at lines 382--383

 []


Underfull \hbox (badness 10000) in paragraph at lines 389--390

 []

[4]
Underfull \hbox (badness 10000) in paragraph at lines 396--397

 []


Package tasks Warning: The width of `label-width' is too small on line 405.
(tasks)                Please set it at least to 16.6582pt.


Overfull \hbox (1.57301pt too wide) in paragraph at lines 405--405
\TU/TimesNewRoman(0)/m/n/12 (A)
 []


Package tasks Warning: The width of `label-width' is too small on line 405.
(tasks)                Please set it at least to 15.9961pt.


Overfull \hbox (0.9109pt too wide) in paragraph at lines 405--405
\TU/TimesNewRoman(0)/m/n/12 (B)
 []


Underfull \hbox (badness 10000) in paragraph at lines 406--407

 []

[5]
This exam contains 17 questions with 0 parts, 0 subparts, and 0 subsubparts.
(./108-8-2.aux)
Package rerunfilecheck Info: File `108-8-2.out' has not changed.
(rerunfilecheck)             Checksum: D41D8CD98F00B204E9800998ECF8427E;0.
 ) 
Here is how much of TeX's memory you used:
 32730 strings out of 476179
 686570 string characters out of 5809543
 1031737 words of memory out of 5000000
 52917 multiletter control sequences out of 15000+600000
 475630 words of font info for 79 fonts, out of 8000000 for 9000
 1348 hyphenation exceptions out of 8191
 85i,7n,90p,417b,731s stack positions out of 10000i,1000n,20000p,200000b,200000s

Output written on 108-8-2.pdf (5 pages).
